-------------------------------------------------------------------------------
Test set: TestSuite
-------------------------------------------------------------------------------
Tests run: 2, Failures: 1, Errors: 0, Skipped: 0, Time elapsed: 20.318 s <<< FAILURE! - in TestSuite
Suite1.MyTests.Login[sami@gmail.com, Sqqq3322](2)  Time elapsed: 6.774 s  <<< FAILURE!
java.lang.AssertionError: expected [sami@gmail.com] but found [Register]
	at Suite1.MyTests.Login(MyTests.java:96)

